<?xml version="1.0" encoding="utf-8"?>
<TestRun id="72d28af5-b2db-4627-997f-1b96b2705d4e" name="ALLEGRANathan@SQMD-L0381 2023-11-02 14:13:22" runUser="AzureAD\ALLEGRANathan" xmlns="http://microsoft.com/schemas/VisualStudio/TeamTest/2010">
  <Times creation="2023-11-02T14:13:22.7724055+01:00" queuing="2023-11-02T14:13:22.7724057+01:00" start="2023-11-02T14:13:22.0285188+01:00" finish="2023-11-02T14:13:22.7797853+01:00" />
  <TestSettings name="default" id="c1eb407c-f24c-4dda-8ba4-fdac5631c994">
    <Deployment runDeploymentRoot="ALLEGRANathan_SQMD-L0381_2023-11-02_14_13_22" />
  </TestSettings>
  <Results>
    <UnitTestResult executionId="3193b2a5-be54-42ea-a1ce-1401d0030726" testId="8158b57c-2d66-8b32-96cb-f229ab2b8992" testName="FetchOnlyRequestedGameRegion(&quot;Andromeda&quot;)" computerName="SQMD-L0381" duration="00:00:00.0001499" startTime="2023-11-02T14:13:22.6669433+01:00" endTime="2023-11-02T14:13:22.6670932+01:00" testType="13cdc9d9-ddb5-4fa4-a97d-d965ccfc6d4b" outcome="Passed" testListId="8c84fa94-04c1-424b-9868-57a2d4851a1d" relativeResultsDirectory="3193b2a5-be54-42ea-a1ce-1401d0030726" />
    <UnitTestResult executionId="e7388ac9-eec0-4646-a4ce-728cf7c39ba6" testId="e6aa1db8-79bb-5f9e-f506-6e6015603603" testName="FetchOnlyRequestedGameRegion(&quot;Pinwheel&quot;)" computerName="SQMD-L0381" duration="00:00:00.0001120" startTime="2023-11-02T14:13:22.6671392+01:00" endTime="2023-11-02T14:13:22.6672508+01:00" testType="13cdc9d9-ddb5-4fa4-a97d-d965ccfc6d4b" outcome="Passed" testListId="8c84fa94-04c1-424b-9868-57a2d4851a1d" relativeResultsDirectory="e7388ac9-eec0-4646-a4ce-728cf7c39ba6" />
    <UnitTestResult executionId="29d9033e-1763-4e91-b0fa-e1ae26e14b0c" testId="71b55203-9f41-f140-7b8a-b173669f83d5" testName="FetchOnlyRequestedGameRegion(&quot;Messier 82&quot;)" computerName="SQMD-L0381" duration="00:00:00.0005260" startTime="2023-11-02T14:13:22.6674224+01:00" endTime="2023-11-02T14:13:22.6679481+01:00" testType="13cdc9d9-ddb5-4fa4-a97d-d965ccfc6d4b" outcome="Passed" testListId="8c84fa94-04c1-424b-9868-57a2d4851a1d" relativeResultsDirectory="29d9033e-1763-4e91-b0fa-e1ae26e14b0c" />
    <UnitTestResult executionId="575bd998-ae3a-4c03-a9e9-806e04899bb5" testId="dd69ca11-8574-49f6-142c-a0d7db5e68b0" testName="FetchOnlyRequestedGameRegion(&quot;NGC 1300&quot;)" computerName="SQMD-L0381" duration="00:00:00.0001530" startTime="2023-11-02T14:13:22.6672586+01:00" endTime="2023-11-02T14:13:22.6674067+01:00" testType="13cdc9d9-ddb5-4fa4-a97d-d965ccfc6d4b" outcome="Passed" testListId="8c84fa94-04c1-424b-9868-57a2d4851a1d" relativeResultsDirectory="575bd998-ae3a-4c03-a9e9-806e04899bb5" />
    <UnitTestResult executionId="89dc6844-e446-4696-9b3a-ef69b8913ae5" testId="a665ae80-d9ef-3d21-de02-f9894a2373ef" testName="FetchOnlyRequestedGameRegion(&quot;Milky Way&quot;)" computerName="SQMD-L0381" duration="00:00:00.0248940" startTime="2023-11-02T14:13:22.6409418+01:00" endTime="2023-11-02T14:13:22.6657761+01:00" testType="13cdc9d9-ddb5-4fa4-a97d-d965ccfc6d4b" outcome="Passed" testListId="8c84fa94-04c1-424b-9868-57a2d4851a1d" relativeResultsDirectory="89dc6844-e446-4696-9b3a-ef69b8913ae5" />
  </Results>
  <TestDefinitions>
    <UnitTest name="FetchOnlyRequestedGameRegion(&quot;Milky Way&quot;)" storage="c:\users\allegranathan\source\repos\mslearn-tailspin-spacegame-web\tailspin.spacegame.web.tests\bin\release\net6.0\tailspin.spacegame.web.tests.dll" id="a665ae80-d9ef-3d21-de02-f9894a2373ef">
      <Execution id="89dc6844-e446-4696-9b3a-ef69b8913ae5" />
      <TestMethod codeBase="C:\Users\ALLEGRANathan\Source\Repos\mslearn-tailspin-spacegame-web\Tailspin.SpaceGame.Web.Tests\bin\Release\net6.0\Tailspin.SpaceGame.Web.Tests.dll" adapterTypeName="executor://nunit3testexecutor/" className="Tests.DocumentDBRepository_GetItemsAsyncShould" name="FetchOnlyRequestedGameRegion(&quot;Milky Way&quot;)" />
    </UnitTest>
    <UnitTest name="FetchOnlyRequestedGameRegion(&quot;Messier 82&quot;)" storage="c:\users\allegranathan\source\repos\mslearn-tailspin-spacegame-web\tailspin.spacegame.web.tests\bin\release\net6.0\tailspin.spacegame.web.tests.dll" id="71b55203-9f41-f140-7b8a-b173669f83d5">
      <Execution id="29d9033e-1763-4e91-b0fa-e1ae26e14b0c" />
      <TestMethod codeBase="C:\Users\ALLEGRANathan\Source\Repos\mslearn-tailspin-spacegame-web\Tailspin.SpaceGame.Web.Tests\bin\Release\net6.0\Tailspin.SpaceGame.Web.Tests.dll" adapterTypeName="executor://nunit3testexecutor/" className="Tests.DocumentDBRepository_GetItemsAsyncShould" name="FetchOnlyRequestedGameRegion(&quot;Messier 82&quot;)" />
    </UnitTest>
    <UnitTest name="FetchOnlyRequestedGameRegion(&quot;NGC 1300&quot;)" storage="c:\users\allegranathan\source\repos\mslearn-tailspin-spacegame-web\tailspin.spacegame.web.tests\bin\release\net6.0\tailspin.spacegame.web.tests.dll" id="dd69ca11-8574-49f6-142c-a0d7db5e68b0">
      <Execution id="575bd998-ae3a-4c03-a9e9-806e04899bb5" />
      <TestMethod codeBase="C:\Users\ALLEGRANathan\Source\Repos\mslearn-tailspin-spacegame-web\Tailspin.SpaceGame.Web.Tests\bin\Release\net6.0\Tailspin.SpaceGame.Web.Tests.dll" adapterTypeName="executor://nunit3testexecutor/" className="Tests.DocumentDBRepository_GetItemsAsyncShould" name="FetchOnlyRequestedGameRegion(&quot;NGC 1300&quot;)" />
    </UnitTest>
    <UnitTest name="FetchOnlyRequestedGameRegion(&quot;Pinwheel&quot;)" storage="c:\users\allegranathan\source\repos\mslearn-tailspin-spacegame-web\tailspin.spacegame.web.tests\bin\release\net6.0\tailspin.spacegame.web.tests.dll" id="e6aa1db8-79bb-5f9e-f506-6e6015603603">
      <Execution id="e7388ac9-eec0-4646-a4ce-728cf7c39ba6" />
      <TestMethod codeBase="C:\Users\ALLEGRANathan\Source\Repos\mslearn-tailspin-spacegame-web\Tailspin.SpaceGame.Web.Tests\bin\Release\net6.0\Tailspin.SpaceGame.Web.Tests.dll" adapterTypeName="executor://nunit3testexecutor/" className="Tests.DocumentDBRepository_GetItemsAsyncShould" name="FetchOnlyRequestedGameRegion(&quot;Pinwheel&quot;)" />
    </UnitTest>
    <UnitTest name="FetchOnlyRequestedGameRegion(&quot;Andromeda&quot;)" storage="c:\users\allegranathan\source\repos\mslearn-tailspin-spacegame-web\tailspin.spacegame.web.tests\bin\release\net6.0\tailspin.spacegame.web.tests.dll" id="8158b57c-2d66-8b32-96cb-f229ab2b8992">
      <Execution id="3193b2a5-be54-42ea-a1ce-1401d0030726" />
      <TestMethod codeBase="C:\Users\ALLEGRANathan\Source\Repos\mslearn-tailspin-spacegame-web\Tailspin.SpaceGame.Web.Tests\bin\Release\net6.0\Tailspin.SpaceGame.Web.Tests.dll" adapterTypeName="executor://nunit3testexecutor/" className="Tests.DocumentDBRepository_GetItemsAsyncShould" name="FetchOnlyRequestedGameRegion(&quot;Andromeda&quot;)" />
    </UnitTest>
  </TestDefinitions>
  <TestEntries>
    <TestEntry testId="8158b57c-2d66-8b32-96cb-f229ab2b8992" executionId="3193b2a5-be54-42ea-a1ce-1401d0030726" testListId="8c84fa94-04c1-424b-9868-57a2d4851a1d" />
    <TestEntry testId="e6aa1db8-79bb-5f9e-f506-6e6015603603" executionId="e7388ac9-eec0-4646-a4ce-728cf7c39ba6" testListId="8c84fa94-04c1-424b-9868-57a2d4851a1d" />
    <TestEntry testId="71b55203-9f41-f140-7b8a-b173669f83d5" executionId="29d9033e-1763-4e91-b0fa-e1ae26e14b0c" testListId="8c84fa94-04c1-424b-9868-57a2d4851a1d" />
    <TestEntry testId="dd69ca11-8574-49f6-142c-a0d7db5e68b0" executionId="575bd998-ae3a-4c03-a9e9-806e04899bb5" testListId="8c84fa94-04c1-424b-9868-57a2d4851a1d" />
    <TestEntry testId="a665ae80-d9ef-3d21-de02-f9894a2373ef" executionId="89dc6844-e446-4696-9b3a-ef69b8913ae5" testListId="8c84fa94-04c1-424b-9868-57a2d4851a1d" />
  </TestEntries>
  <TestLists>
    <TestList name="Les résultats ne figurent pas dans une liste" id="8c84fa94-04c1-424b-9868-57a2d4851a1d" />
    <TestList name="Tous les résultats chargés" id="19431567-8539-422a-85d7-44ee4e166bda" />
  </TestLists>
  <ResultSummary outcome="Completed">
    <Counters total="5" executed="5" passed="5" failed="0" error="0" timeout="0" aborted="0" inconclusive="0" passedButRunAborted="0" notRunnable="0" notExecuted="0" disconnected="0" warning="0" completed="0" inProgress="0" pending="0" />
    <Output>
      <StdOut>NUnit Adapter 3.17.0.0: Test execution started&#xD;
Running all tests in C:\Users\ALLEGRANathan\Source\Repos\mslearn-tailspin-spacegame-web\Tailspin.SpaceGame.Web.Tests\bin\Release\net6.0\Tailspin.SpaceGame.Web.Tests.dll&#xD;
   NUnit3TestExecutor discovered 5 of 5 NUnit test cases&#xD;
NUnit Adapter 3.17.0.0: Test execution complete&#xD;
</StdOut>
    </Output>
  </ResultSummary>
</TestRun>